2023-05-21 23:23:47.081 +04 [1] LOG:  starting PostgreSQL 15.3 (Debian 15.3-1.pgdg110+1) on x86_64-pc-linux-gnu, compiled by gcc (Debian 10.2.1-6) 10.2.1 20210110, 64-bit
2023-05-21 23:23:47.082 +04 [1] LOG:  listening on IPv4 address "0.0.0.0", port 5432
2023-05-21 23:23:47.083 +04 [1] LOG:  listening on IPv6 address "::", port 5432
2023-05-21 23:23:47.101 +04 [1] LOG:  listening on Unix socket "/var/run/postgresql/.s.PGSQL.5432"
2023-05-21 23:23:47.177 +04 [37] LOG:  database system was shut down at 2023-05-21 23:19:12 +04
2023-05-21 23:23:47.266 +04 [38] FATAL:  the database system is starting up
2023-05-21 23:23:47.292 +04 [1] LOG:  database system is ready to accept connections
2023-05-21 23:23:49.510 +04 [49] FATAL:  role "root" does not exist
2023-05-21 23:23:51.691 +04 [57] FATAL:  role "root" does not exist
2023-05-21 23:23:53.947 +04 [65] FATAL:  role "root" does not exist
2023-05-21 23:23:56.234 +04 [73] FATAL:  role "root" does not exist
2023-05-21 23:23:58.400 +04 [81] FATAL:  role "root" does not exist
2023-05-21 23:24:00.569 +04 [89] FATAL:  role "root" does not exist
2023-05-21 23:24:02.730 +04 [97] FATAL:  role "root" does not exist
2023-05-21 23:24:04.857 +04 [106] FATAL:  role "root" does not exist
2023-05-21 23:24:06.988 +04 [114] FATAL:  role "root" does not exist
2023-05-21 23:24:09.153 +04 [122] FATAL:  role "root" does not exist
2023-05-21 23:24:11.319 +04 [130] FATAL:  role "root" does not exist
2023-05-21 23:24:13.479 +04 [138] FATAL:  role "root" does not exist
2023-05-21 23:24:15.608 +04 [147] FATAL:  role "root" does not exist
2023-05-21 23:24:17.749 +04 [155] FATAL:  role "root" does not exist
2023-05-21 23:24:19.909 +04 [163] FATAL:  role "root" does not exist
2023-05-21 23:24:22.037 +04 [171] FATAL:  role "root" does not exist
2023-05-21 23:24:24.172 +04 [179] FATAL:  role "root" does not exist
2023-05-21 23:24:26.368 +04 [187] FATAL:  role "root" does not exist
2023-05-21 23:24:28.529 +04 [196] FATAL:  role "root" does not exist
2023-05-21 23:24:30.669 +04 [204] FATAL:  role "root" does not exist
2023-05-21 23:24:32.798 +04 [212] FATAL:  role "root" does not exist
2023-05-21 23:24:34.928 +04 [220] FATAL:  role "root" does not exist
2023-05-21 23:24:37.051 +04 [228] FATAL:  role "root" does not exist
2023-05-21 23:24:39.209 +04 [236] FATAL:  role "root" does not exist
2023-05-21 23:24:41.348 +04 [244] FATAL:  role "root" does not exist
2023-05-21 23:24:43.487 +04 [252] FATAL:  role "root" does not exist
2023-05-21 23:24:45.628 +04 [260] FATAL:  role "root" does not exist
2023-05-21 23:24:47.769 +04 [268] FATAL:  role "root" does not exist
2023-05-21 23:24:49.952 +04 [276] FATAL:  role "root" does not exist
2023-05-21 23:24:52.077 +04 [284] FATAL:  role "root" does not exist
2023-05-21 23:24:54.219 +04 [292] FATAL:  role "root" does not exist
2023-05-21 23:24:56.369 +04 [300] FATAL:  role "root" does not exist
2023-05-21 23:24:58.529 +04 [308] FATAL:  role "root" does not exist
2023-05-21 23:25:00.699 +04 [316] FATAL:  role "root" does not exist
2023-05-21 23:25:02.838 +04 [324] FATAL:  role "root" does not exist
2023-05-21 23:25:04.958 +04 [332] FATAL:  role "root" does not exist
2023-05-21 23:25:07.097 +04 [340] FATAL:  role "root" does not exist
2023-05-21 23:25:09.249 +04 [348] FATAL:  role "root" does not exist
2023-05-21 23:25:11.378 +04 [356] FATAL:  role "root" does not exist
2023-05-21 23:25:13.509 +04 [365] FATAL:  role "root" does not exist
2023-05-21 23:25:15.618 +04 [373] FATAL:  role "root" does not exist
2023-05-21 23:25:17.736 +04 [381] FATAL:  role "root" does not exist
2023-05-21 23:25:19.860 +04 [389] FATAL:  role "root" does not exist
2023-05-21 23:25:22.000 +04 [397] FATAL:  role "root" does not exist
2023-05-21 23:25:24.186 +04 [405] FATAL:  role "root" does not exist
2023-05-21 23:25:26.364 +04 [413] FATAL:  role "root" does not exist
2023-05-21 23:25:28.507 +04 [421] FATAL:  role "root" does not exist
2023-05-21 23:25:30.643 +04 [429] FATAL:  role "root" does not exist
2023-05-21 23:25:32.768 +04 [437] FATAL:  role "root" does not exist
2023-05-21 23:25:34.923 +04 [445] FATAL:  role "root" does not exist
2023-05-21 23:25:37.075 +04 [453] FATAL:  role "root" does not exist
2023-05-21 23:25:39.209 +04 [461] FATAL:  role "root" does not exist
2023-05-21 23:25:41.318 +04 [469] FATAL:  role "root" does not exist
2023-05-21 23:25:43.448 +04 [477] FATAL:  role "root" does not exist
2023-05-21 23:25:45.581 +04 [485] FATAL:  role "root" does not exist
2023-05-21 23:25:47.749 +04 [493] FATAL:  role "root" does not exist
2023-05-21 23:25:49.867 +04 [501] FATAL:  role "root" does not exist
2023-05-21 23:25:52.010 +04 [509] FATAL:  role "root" does not exist
2023-05-21 23:25:54.169 +04 [518] FATAL:  role "root" does not exist
2023-05-21 23:25:56.287 +04 [526] FATAL:  role "root" does not exist
2023-05-21 23:25:58.409 +04 [534] FATAL:  role "root" does not exist
2023-05-21 23:26:00.600 +04 [542] FATAL:  role "root" does not exist
2023-05-21 23:26:02.740 +04 [550] FATAL:  role "root" does not exist
2023-05-21 23:26:04.898 +04 [558] FATAL:  role "root" does not exist
2023-05-21 23:26:07.079 +04 [566] FATAL:  role "root" does not exist
2023-05-21 23:26:09.259 +04 [574] FATAL:  role "root" does not exist
2023-05-21 23:26:11.454 +04 [582] FATAL:  role "root" does not exist
2023-05-21 23:26:13.578 +04 [590] FATAL:  role "root" does not exist
2023-05-21 23:26:15.738 +04 [598] FATAL:  role "root" does not exist
2023-05-21 23:26:17.909 +04 [606] FATAL:  role "root" does not exist
2023-05-21 23:26:20.037 +04 [614] FATAL:  role "root" does not exist
2023-05-21 23:26:22.190 +04 [622] FATAL:  role "root" does not exist
2023-05-21 23:26:24.351 +04 [630] FATAL:  role "root" does not exist
2023-05-21 23:26:26.522 +04 [639] FATAL:  role "root" does not exist
2023-05-21 23:26:28.640 +04 [647] FATAL:  role "root" does not exist
2023-05-21 23:26:30.818 +04 [655] FATAL:  role "root" does not exist
2023-05-21 23:26:33.009 +04 [663] FATAL:  role "root" does not exist
2023-05-21 23:26:35.169 +04 [671] FATAL:  role "root" does not exist
2023-05-21 23:26:37.320 +04 [679] FATAL:  role "root" does not exist
2023-05-21 23:26:39.466 +04 [688] FATAL:  role "root" does not exist
2023-05-21 23:26:41.610 +04 [697] FATAL:  role "root" does not exist
2023-05-21 23:26:43.740 +04 [705] FATAL:  role "root" does not exist
2023-05-21 23:26:45.907 +04 [713] FATAL:  role "root" does not exist
2023-05-21 23:26:48.068 +04 [721] FATAL:  role "root" does not exist
2023-05-21 23:26:50.178 +04 [729] FATAL:  role "root" does not exist
2023-05-21 23:26:52.297 +04 [737] FATAL:  role "root" does not exist
2023-05-21 23:26:54.446 +04 [745] FATAL:  role "root" does not exist
2023-05-21 23:26:56.556 +04 [753] FATAL:  role "root" does not exist
2023-05-21 23:26:58.669 +04 [761] FATAL:  role "root" does not exist
2023-05-21 23:27:00.839 +04 [769] FATAL:  role "root" does not exist
2023-05-21 23:27:02.978 +04 [777] FATAL:  role "root" does not exist
2023-05-21 23:27:05.163 +04 [785] FATAL:  role "root" does not exist
2023-05-21 23:27:07.299 +04 [793] FATAL:  role "root" does not exist
2023-05-21 23:27:09.420 +04 [801] FATAL:  role "root" does not exist
2023-05-21 23:27:11.549 +04 [809] FATAL:  role "root" does not exist
2023-05-21 23:27:13.668 +04 [817] FATAL:  role "root" does not exist
2023-05-21 23:27:15.849 +04 [825] FATAL:  role "root" does not exist
2023-05-21 23:27:18.010 +04 [833] FATAL:  role "root" does not exist
2023-05-21 23:27:20.136 +04 [841] FATAL:  role "root" does not exist
2023-05-21 23:27:22.269 +04 [850] FATAL:  role "root" does not exist
2023-05-21 23:27:24.419 +04 [858] FATAL:  role "root" does not exist
2023-05-21 23:27:26.559 +04 [866] FATAL:  role "root" does not exist
2023-05-21 23:27:28.718 +04 [874] FATAL:  role "root" does not exist
2023-05-21 23:27:30.879 +04 [882] FATAL:  role "root" does not exist
2023-05-21 23:27:33.078 +04 [890] FATAL:  role "root" does not exist
2023-05-21 23:27:35.240 +04 [898] FATAL:  role "root" does not exist
2023-05-21 23:27:37.418 +04 [906] FATAL:  role "root" does not exist
2023-05-21 23:27:39.582 +04 [914] FATAL:  role "root" does not exist
2023-05-21 23:27:41.740 +04 [922] FATAL:  role "root" does not exist
2023-05-21 23:27:43.937 +04 [930] FATAL:  role "root" does not exist
2023-05-21 23:27:46.079 +04 [938] FATAL:  role "root" does not exist
2023-05-21 23:27:48.226 +04 [946] FATAL:  role "root" does not exist
2023-05-21 23:27:50.378 +04 [954] FATAL:  role "root" does not exist
2023-05-21 23:27:52.509 +04 [962] FATAL:  role "root" does not exist
2023-05-21 23:27:54.638 +04 [970] FATAL:  role "root" does not exist
2023-05-21 23:27:56.808 +04 [978] FATAL:  role "root" does not exist
2023-05-21 23:27:58.971 +04 [986] FATAL:  role "root" does not exist
2023-05-21 23:28:01.110 +04 [994] FATAL:  role "root" does not exist
2023-05-21 23:28:03.271 +04 [1002] FATAL:  role "root" does not exist
2023-05-21 23:28:05.489 +04 [1010] FATAL:  role "root" does not exist
2023-05-21 23:28:07.640 +04 [1018] FATAL:  role "root" does not exist
2023-05-21 23:28:09.771 +04 [1026] FATAL:  role "root" does not exist
2023-05-21 23:28:11.890 +04 [1034] FATAL:  role "root" does not exist
2023-05-21 23:28:14.035 +04 [1042] FATAL:  role "root" does not exist
2023-05-21 23:28:14.484 +04 [1] LOG:  received fast shutdown request
2023-05-21 23:28:14.492 +04 [1] LOG:  aborting any active transactions
2023-05-21 23:28:14.495 +04 [1] LOG:  background worker "logical replication launcher" (PID 41) exited with exit code 1
2023-05-21 23:28:14.495 +04 [35] LOG:  shutting down
2023-05-21 23:28:14.501 +04 [35] LOG:  checkpoint starting: shutdown immediate
2023-05-21 23:28:14.617 +04 [35] LOG:  checkpoint complete: wrote 3 buffers (0.0%); 0 WAL file(s) added, 0 removed, 0 recycled; write=0.034 s, sync=0.013 s, total=0.122 s; sync files=2, longest=0.008 s, average=0.007 s; distance=0 kB, estimate=0 kB
2023-05-21 23:28:14.637 +04 [1] LOG:  database system is shut down
